kisyamane@WIN-56M78DILK3P:~/os$ echo Лабораторная работа 1: Файловые системы Unix-подобных ОС.
Лабораторная работа 1: Файловые системы Unix-подобных ОС.
kisyamane@WIN-56M78DILK3P:~/os$ echo Сербиновский Юрий гр. 3344
Сербиновский Юрий гр. 3344
kisyamane@WIN-56M78DILK3P:~/os$ date
Fri Mar 21 22:53:31 MSK 2025
kisyamane@WIN-56M78DILK3P:~/os$ who
kisyamane@WIN-56M78DILK3P:~/os$ uname -a
Linux WIN-56M78DILK3P 5.15.153.1-microsoft-standard-WSL2 #1 SMP Fri Mar 29 23:14:13 UTC 2024 x86_64 x86_64 x86_64 GNU/Linux
kisyamane@WIN-56M78DILK3P:~/os$ lscpu
Architecture:                       x86_64
CPU op-mode(s):                     32-bit, 64-bit
Address sizes:                      39 bits physical, 48 bits virtual
Byte Order:                         Little Endian
CPU(s):                             12
On-line CPU(s) list:                0-11
Vendor ID:                          GenuineIntel
Model name:                         12th Gen Intel(R) Core(TM) i5-1235U
CPU family:                         6
Model:                              154
Thread(s) per core:                 2
Core(s) per socket:                 6
Socket(s):                          1
Stepping:                           4
BogoMIPS:                           4991.99
Flags:                              fpu vme de pse tsc msr pae mce cx8 apic sep mtrr pge mca cmov pat pse36 clflush mmx fxsr sse sse2 ss ht syscall nx pdpe1gb rdtscp lm constant_tsc rep_good nopl xtopology tsc_reliable nonstop_tsc cpuid pni pclmulqdq vmx ssse3 fma cx16 sse4_1 sse4_2 x2apic movbe popcnt tsc_deadline_timer aes xsave avx f16c rdrand hypervisor lahf_lm abm 3dnowprefetch ssbd ibrs ibpb stibp ibrs_enhanced tpr_shadow vnmi ept vpid ept_ad fsgsbase tsc_adjust bmi1 avx2 smep bmi2 erms invpcid rdseed adx smap clflushopt clwb sha_ni xsaveopt xsavec xgetbv1 xsaves avx_vnni umip waitpkg gfni vaes vpclmulqdq rdpid movdiri movdir64b fsrm serialize flush_l1d arch_capabilities
Virtualization:                     VT-x
Hypervisor vendor:                  Microsoft
Virtualization type:                full
L1d cache:                          288 KiB (6 instances)
L1i cache:                          192 KiB (6 instances)
L2 cache:                           7.5 MiB (6 instances)
L3 cache:                           12 MiB (1 instance)
Vulnerability Gather data sampling: Not affected
Vulnerability Itlb multihit:        Not affected
Vulnerability L1tf:                 Not affected
Vulnerability Mds:                  Not affected
Vulnerability Meltdown:             Not affected
Vulnerability Mmio stale data:      Not affected
Vulnerability Retbleed:             Mitigation; Enhanced IBRS
Vulnerability Spec rstack overflow: Not affected
Vulnerability Spec store bypass:    Mitigation; Speculative Store Bypass disabled via prctl and seccomp
Vulnerability Spectre v1:           Mitigation; usercopy/swapgs barriers and __user pointer sanitization
Vulnerability Spectre v2:           Mitigation; Enhanced IBRS, IBPB conditional, RSB filling, PBRSB-eIBRS SW sequence
Vulnerability Srbds:                Not affected
Vulnerability Tsx async abort:      Not affected
kisyamane@WIN-56M78DILK3P:~/os$ date
Fri Mar 21 22:53:31 MSK 2025
kisyamane@WIN-56M78DILK3P:~/os$ 
kisyamane@WIN-56M78DILK3P:~/os$ ls -lR / 2>/dev/null | grep -E "^[-]" -m 1 | awk '{print $1, "/"$NF}' >> out.txt && date
Fri Mar 21 22:53:31 MSK 2025
kisyamane@WIN-56M78DILK3P:~/os$ ls -lR / 2>/dev/null | grep -E "^[b]" -m 1 | awk '{print $1, "/"$NF}' >> out.txt
kisyamane@WIN-56M78DILK3P:~/os$ ls -lR / 2>/dev/null | grep -E "^[c]" -m 1 | awk '{print $1, "/"$NF}' >> out.txt
kisyamane@WIN-56M78DILK3P:~/os$ ls -lR / 2>/dev/null | grep -E "^[d]" -m 1 | awk '{print $1, "/"$NF}' >> out.txt
kisyamane@WIN-56M78DILK3P:~/os$ ls -lR / 2>/dev/null | grep -E "^[l]" -m 1 | awk '{print $1, "/"$NF}' >> out.txt
kisyamane@WIN-56M78DILK3P:~/os$ cat out.txt
-rwxrwxrwx /init
brw------- /loop0
crw-r--r-- /autofs
drwxr-xr-x /Docker
lrwxrwxrwx /usr/bin
kisyamane@WIN-56M78DILK3P:~/os$ bash task1.sh out.txt
kisyamane@WIN-56M78DILK3P:~/os$ cat out.txt
-rwxrwxrwx /init
brw------- /loop0
crw-r--r-- /autofs
drwxr-xr-x /Docker
lrwxrwxrwx /usr/bin
